<?xml version="1.0" encoding="UTF-8" ?>
<testsuite errors="0" failures="0" hostname="LAPTOP-8KD38SFS" name="database.populator.PopulatorTest" skipped="0" tests="1" time="1.421" timestamp="2019-12-16T14:34:36">
  <properties>
[...]
</properties>
  <testcase classname="database.populator.PopulatorTest" name="testPopulateScript" time="1.328" />
  <system-out><![CDATA[populate
class exam.booklet.Subject
class game.GameObjects.Item
Population finished
game.GameObjects.Item
exam.booklet.Subject
database.populator.SubjectFactory
saving.Saveable
database.populator.ItemFactory
game.GameObjects.Professor
quests.quest.Quest
]]></system-out>
  <system-err><![CDATA[SLF4J: Failed to load class "org.slf4j.impl.StaticLoggerBinder".
SLF4J: Defaulting to no-operation (NOP) logger implementation
SLF4J: See http://www.slf4j.org/codes.html#StaticLoggerBinder for further details.
]]></system-err>
</testsuite>
